[0.320s] Invoking command in '/home/chin/turtle_ws/src/turtle_control': PYTHONPATH=/home/chin/turtle_ws/build/turtle_control/prefix_override:/usr/lib/python3/dist-packages/colcon_core/task/python/colcon_distutils_commands:/home/chin/turtle_ws/install/turtle_control/lib/python3.10/site-packages:${PYTHONPATH} /usr/bin/python3 -W ignore:setup.py install is deprecated -W ignore:easy_install command is deprecated setup.py egg_info --egg-base ../../build/turtle_control build --build-base /home/chin/turtle_ws/build/turtle_control/build install --record /home/chin/turtle_ws/build/turtle_control/install.log --single-version-externally-managed install_data
[0.447s] running egg_info
[0.447s] writing ../../build/turtle_control/turtle_control.egg-info/PKG-INFO
[0.447s] writing dependency_links to ../../build/turtle_control/turtle_control.egg-info/dependency_links.txt
[0.447s] writing requirements to ../../build/turtle_control/turtle_control.egg-info/requires.txt
[0.447s] writing top-level names to ../../build/turtle_control/turtle_control.egg-info/top_level.txt
[0.448s] reading manifest file '../../build/turtle_control/turtle_control.egg-info/SOURCES.txt'
[0.448s] writing manifest file '../../build/turtle_control/turtle_control.egg-info/SOURCES.txt'
[0.449s] running build
[0.449s] running build_py
[0.449s] copying turtle_control/turtle_node.py -> /home/chin/turtle_ws/build/turtle_control/build/lib/turtle_control
[0.449s] running install
[0.449s] running install_lib
[0.449s] copying /home/chin/turtle_ws/build/turtle_control/build/lib/turtle_control/turtle_node.py -> /home/chin/turtle_ws/install/turtle_control/lib/python3.10/site-packages/turtle_control
[0.450s] byte-compiling /home/chin/turtle_ws/install/turtle_control/lib/python3.10/site-packages/turtle_control/turtle_node.py to turtle_node.cpython-310.pyc
[0.450s] running install_data
[0.450s] running install_egg_info
[0.451s] removing '/home/chin/turtle_ws/install/turtle_control/lib/python3.10/site-packages/turtle_control-0.0.0-py3.10.egg-info' (and everything under it)
[0.451s] Copying ../../build/turtle_control/turtle_control.egg-info to /home/chin/turtle_ws/install/turtle_control/lib/python3.10/site-packages/turtle_control-0.0.0-py3.10.egg-info
[0.451s] running install_scripts
[0.463s] writing list of installed files to '/home/chin/turtle_ws/build/turtle_control/install.log'
[0.475s] Invoked command in '/home/chin/turtle_ws/src/turtle_control' returned '0': PYTHONPATH=/home/chin/turtle_ws/build/turtle_control/prefix_override:/usr/lib/python3/dist-packages/colcon_core/task/python/colcon_distutils_commands:/home/chin/turtle_ws/install/turtle_control/lib/python3.10/site-packages:${PYTHONPATH} /usr/bin/python3 -W ignore:setup.py install is deprecated -W ignore:easy_install command is deprecated setup.py egg_info --egg-base ../../build/turtle_control build --build-base /home/chin/turtle_ws/build/turtle_control/build install --record /home/chin/turtle_ws/build/turtle_control/install.log --single-version-externally-managed install_data
