running egg_info
creating ../../build/turtle_control/turtle_control.egg-info
writing ../../build/turtle_control/turtle_control.egg-info/PKG-INFO
writing dependency_links to ../../build/turtle_control/turtle_control.egg-info/dependency_links.txt
writing requirements to ../../build/turtle_control/turtle_control.egg-info/requires.txt
writing top-level names to ../../build/turtle_control/turtle_control.egg-info/top_level.txt
writing manifest file '../../build/turtle_control/turtle_control.egg-info/SOURCES.txt'
reading manifest file '../../build/turtle_control/turtle_control.egg-info/SOURCES.txt'
writing manifest file '../../build/turtle_control/turtle_control.egg-info/SOURCES.txt'
running build
running build_py
creating /home/chin/turtle_ws/build/turtle_control/build
creating /home/chin/turtle_ws/build/turtle_control/build/lib
creating /home/chin/turtle_ws/build/turtle_control/build/lib/turtle_control
copying turtle_control/turtle_node.py -> /home/chin/turtle_ws/build/turtle_control/build/lib/turtle_control
copying turtle_control/__init__.py -> /home/chin/turtle_ws/build/turtle_control/build/lib/turtle_control
running install
running install_lib
creating /home/chin/turtle_ws/install/turtle_control/lib/python3.10/site-packages/turtle_control
copying /home/chin/turtle_ws/build/turtle_control/build/lib/turtle_control/turtle_node.py -> /home/chin/turtle_ws/install/turtle_control/lib/python3.10/site-packages/turtle_control
copying /home/chin/turtle_ws/build/turtle_control/build/lib/turtle_control/__init__.py -> /home/chin/turtle_ws/install/turtle_control/lib/python3.10/site-packages/turtle_control
byte-compiling /home/chin/turtle_ws/install/turtle_control/lib/python3.10/site-packages/turtle_control/turtle_node.py to turtle_node.cpython-310.pyc
byte-compiling /home/chin/turtle_ws/install/turtle_control/lib/python3.10/site-packages/turtle_control/__init__.py to __init__.cpython-310.pyc
running install_data
creating /home/chin/turtle_ws/install/turtle_control/share/ament_index
creating /home/chin/turtle_ws/install/turtle_control/share/ament_index/resource_index
creating /home/chin/turtle_ws/install/turtle_control/share/ament_index/resource_index/packages
copying resource/turtle_control -> /home/chin/turtle_ws/install/turtle_control/share/ament_index/resource_index/packages
copying package.xml -> /home/chin/turtle_ws/install/turtle_control/share/turtle_control
creating /home/chin/turtle_ws/install/turtle_control/share/turtle_control/config
copying config/params.yaml -> /home/chin/turtle_ws/install/turtle_control/share/turtle_control/config
creating /home/chin/turtle_ws/install/turtle_control/share/turtle_control/launch
copying launch/turtle_control.launch.py -> /home/chin/turtle_ws/install/turtle_control/share/turtle_control/launch
creating /home/chin/turtle_ws/install/turtle_control/lib/turtle_control
copying scripts/turtle_run -> /home/chin/turtle_ws/install/turtle_control/lib/turtle_control
running install_egg_info
Copying ../../build/turtle_control/turtle_control.egg-info to /home/chin/turtle_ws/install/turtle_control/lib/python3.10/site-packages/turtle_control-0.0.0-py3.10.egg-info
running install_scripts
writing list of installed files to '/home/chin/turtle_ws/build/turtle_control/install.log'
