[0.287s] Invoking command in '/home/chin/turtle_ws/src/turtle_control': PYTHONPATH=/home/chin/turtle_ws/build/turtle_control/prefix_override:/usr/lib/python3/dist-packages/colcon_core/task/python/colcon_distutils_commands:/home/chin/turtle_ws/install/turtle_control/lib/python3.10/site-packages:${PYTHONPATH} /usr/bin/python3 -W ignore:setup.py install is deprecated -W ignore:easy_install command is deprecated setup.py egg_info --egg-base ../../build/turtle_control build --build-base /home/chin/turtle_ws/build/turtle_control/build install --record /home/chin/turtle_ws/build/turtle_control/install.log --single-version-externally-managed install_data
[0.394s] running egg_info
[0.394s] creating ../../build/turtle_control/turtle_control.egg-info
[0.394s] writing ../../build/turtle_control/turtle_control.egg-info/PKG-INFO
[0.394s] writing dependency_links to ../../build/turtle_control/turtle_control.egg-info/dependency_links.txt
[0.394s] writing requirements to ../../build/turtle_control/turtle_control.egg-info/requires.txt
[0.394s] writing top-level names to ../../build/turtle_control/turtle_control.egg-info/top_level.txt
[0.394s] writing manifest file '../../build/turtle_control/turtle_control.egg-info/SOURCES.txt'
[0.395s] reading manifest file '../../build/turtle_control/turtle_control.egg-info/SOURCES.txt'
[0.395s] writing manifest file '../../build/turtle_control/turtle_control.egg-info/SOURCES.txt'
[0.395s] running build
[0.395s] running build_py
[0.395s] creating /home/chin/turtle_ws/build/turtle_control/build
[0.395s] creating /home/chin/turtle_ws/build/turtle_control/build/lib
[0.395s] creating /home/chin/turtle_ws/build/turtle_control/build/lib/turtle_control
[0.395s] copying turtle_control/turtle_node.py -> /home/chin/turtle_ws/build/turtle_control/build/lib/turtle_control
[0.395s] copying turtle_control/__init__.py -> /home/chin/turtle_ws/build/turtle_control/build/lib/turtle_control
[0.395s] running install
[0.396s] running install_lib
[0.396s] creating /home/chin/turtle_ws/install/turtle_control/lib/python3.10/site-packages/turtle_control
[0.396s] copying /home/chin/turtle_ws/build/turtle_control/build/lib/turtle_control/turtle_node.py -> /home/chin/turtle_ws/install/turtle_control/lib/python3.10/site-packages/turtle_control
[0.396s] copying /home/chin/turtle_ws/build/turtle_control/build/lib/turtle_control/__init__.py -> /home/chin/turtle_ws/install/turtle_control/lib/python3.10/site-packages/turtle_control
[0.396s] byte-compiling /home/chin/turtle_ws/install/turtle_control/lib/python3.10/site-packages/turtle_control/turtle_node.py to turtle_node.cpython-310.pyc
[0.397s] byte-compiling /home/chin/turtle_ws/install/turtle_control/lib/python3.10/site-packages/turtle_control/__init__.py to __init__.cpython-310.pyc
[0.397s] running install_data
[0.397s] creating /home/chin/turtle_ws/install/turtle_control/share/ament_index
[0.397s] creating /home/chin/turtle_ws/install/turtle_control/share/ament_index/resource_index
[0.397s] creating /home/chin/turtle_ws/install/turtle_control/share/ament_index/resource_index/packages
[0.397s] copying resource/turtle_control -> /home/chin/turtle_ws/install/turtle_control/share/ament_index/resource_index/packages
[0.397s] copying package.xml -> /home/chin/turtle_ws/install/turtle_control/share/turtle_control
[0.397s] creating /home/chin/turtle_ws/install/turtle_control/share/turtle_control/config
[0.397s] copying config/params.yaml -> /home/chin/turtle_ws/install/turtle_control/share/turtle_control/config
[0.397s] creating /home/chin/turtle_ws/install/turtle_control/share/turtle_control/launch
[0.397s] copying launch/turtle_control.launch.py -> /home/chin/turtle_ws/install/turtle_control/share/turtle_control/launch
[0.397s] creating /home/chin/turtle_ws/install/turtle_control/lib/turtle_control
[0.397s] copying scripts/turtle_run -> /home/chin/turtle_ws/install/turtle_control/lib/turtle_control
[0.397s] running install_egg_info
[0.398s] Copying ../../build/turtle_control/turtle_control.egg-info to /home/chin/turtle_ws/install/turtle_control/lib/python3.10/site-packages/turtle_control-0.0.0-py3.10.egg-info
[0.398s] running install_scripts
[0.408s] writing list of installed files to '/home/chin/turtle_ws/build/turtle_control/install.log'
[0.419s] Invoked command in '/home/chin/turtle_ws/src/turtle_control' returned '0': PYTHONPATH=/home/chin/turtle_ws/build/turtle_control/prefix_override:/usr/lib/python3/dist-packages/colcon_core/task/python/colcon_distutils_commands:/home/chin/turtle_ws/install/turtle_control/lib/python3.10/site-packages:${PYTHONPATH} /usr/bin/python3 -W ignore:setup.py install is deprecated -W ignore:easy_install command is deprecated setup.py egg_info --egg-base ../../build/turtle_control build --build-base /home/chin/turtle_ws/build/turtle_control/build install --record /home/chin/turtle_ws/build/turtle_control/install.log --single-version-externally-managed install_data
