[0.324s] Invoking command in '/home/chin/turtle_ws/src/turtle_control': PYTHONPATH=/home/chin/turtle_ws/build/turtle_control/prefix_override:/usr/lib/python3/dist-packages/colcon_core/task/python/colcon_distutils_commands:/home/chin/turtle_ws/install/turtle_control/lib/python3.10/site-packages:${PYTHONPATH} /usr/bin/python3 -W ignore:setup.py install is deprecated -W ignore:easy_install command is deprecated setup.py egg_info --egg-base ../../build/turtle_control build --build-base /home/chin/turtle_ws/build/turtle_control/build install --record /home/chin/turtle_ws/build/turtle_control/install.log --single-version-externally-managed install_data
[0.436s] running egg_info
[0.436s] writing ../../build/turtle_control/turtle_control.egg-info/PKG-INFO
[0.436s] writing dependency_links to ../../build/turtle_control/turtle_control.egg-info/dependency_links.txt
[0.436s] writing requirements to ../../build/turtle_control/turtle_control.egg-info/requires.txt
[0.436s] writing top-level names to ../../build/turtle_control/turtle_control.egg-info/top_level.txt
[0.437s] reading manifest file '../../build/turtle_control/turtle_control.egg-info/SOURCES.txt'
[0.437s] writing manifest file '../../build/turtle_control/turtle_control.egg-info/SOURCES.txt'
[0.437s] running build
[0.437s] running build_py
[0.437s] running install
[0.437s] running install_lib
[0.438s] running install_data
[0.438s] copying config/params.yaml -> /home/chin/turtle_ws/install/turtle_control/share/turtle_control/config
[0.438s] running install_egg_info
[0.439s] removing '/home/chin/turtle_ws/install/turtle_control/lib/python3.10/site-packages/turtle_control-0.0.0-py3.10.egg-info' (and everything under it)
[0.439s] Copying ../../build/turtle_control/turtle_control.egg-info to /home/chin/turtle_ws/install/turtle_control/lib/python3.10/site-packages/turtle_control-0.0.0-py3.10.egg-info
[0.439s] running install_scripts
[0.450s] writing list of installed files to '/home/chin/turtle_ws/build/turtle_control/install.log'
[0.461s] Invoked command in '/home/chin/turtle_ws/src/turtle_control' returned '0': PYTHONPATH=/home/chin/turtle_ws/build/turtle_control/prefix_override:/usr/lib/python3/dist-packages/colcon_core/task/python/colcon_distutils_commands:/home/chin/turtle_ws/install/turtle_control/lib/python3.10/site-packages:${PYTHONPATH} /usr/bin/python3 -W ignore:setup.py install is deprecated -W ignore:easy_install command is deprecated setup.py egg_info --egg-base ../../build/turtle_control build --build-base /home/chin/turtle_ws/build/turtle_control/build install --record /home/chin/turtle_ws/build/turtle_control/install.log --single-version-externally-managed install_data
